#
# There is insufficient memory for the Java Runtime Environment to continue.
# Native memory allocation (malloc) failed to allocate 2778880 bytes for Chunk::new
# Possible reasons:
#   The system is out of physical RAM or swap space
#   The process is running with CompressedOops enabled, and the Java Heap may be blocking the growth of the native heap
# Possible solutions:
#   Reduce memory load on the system
#   Increase physical memory or swap space
#   Check if swap backing store is full
#   Decrease Java heap size (-Xmx/-Xms)
#   Decrease number of Java threads
#   Decrease Java thread stack sizes (-Xss)
#   Set larger code cache with -XX:ReservedCodeCacheSize=
#   JVM is running with Unscaled Compressed Oops mode in which the Java heap is
#     placed in the first 4GB address space. The Java Heap base address is the
#     maximum limit for the native heap growth. Please use -XX:HeapBaseMinAddress
#     to set the Java Heap base and to place the Java Heap above 4GB virtual address.
# This output file may be truncated or incomplete.
#
#  Out of Memory Error (arena.cpp:191), pid=3308, tid=16988
#
# JRE version: OpenJDK Runtime Environment Temurin-17.0.10+7 (17.0.10+7) (build 17.0.10+7)
# Java VM: OpenJDK 64-Bit Server VM Temurin-17.0.10+7 (17.0.10+7, mixed mode, tiered, compressed oops, compressed class ptrs, parallel gc, windows-amd64)
# No core dump will be written. Minidumps are not enabled by default on client versions of Windows
#

---------------  S U M M A R Y ------------

Command Line: --add-modules=ALL-SYSTEM --add-opens=java.base/java.util=ALL-UNNAMED --add-opens=java.base/java.lang=ALL-UNNAMED --add-opens=java.base/sun.nio.fs=ALL-UNNAMED -Declipse.application=org.eclipse.jdt.ls.core.id1 -Dosgi.bundles.defaultStartLevel=4 -Declipse.product=org.eclipse.jdt.ls.core.product -Djava.import.generatesMetadataFilesAtProjectRoot=false -DDetectVMInstallationsJob.disabled=true -Dfile.encoding=utf8 -XX:+UseParallelGC -XX:GCTimeRatio=4 -XX:AdaptiveSizePolicyWeight=90 -Dsun.zip.disableMemoryMapping=true -Xmx1G -Xms100m -Xlog:disable -javaagent:c:\Users\ARO\.vscode\extensions\redhat.java-1.27.0-win32-x64\lombok\lombok-1.18.31.jar -XX:+HeapDumpOnOutOfMemoryError -XX:HeapDumpPath=c:\Users\ARO\AppData\Roaming\Code\User\workspaceStorage\132f02184d1882f9f7cc4f3d25499d29\redhat.java -Daether.dependencyCollector.impl=bf c:\Users\ARO\.vscode\extensions\redhat.java-1.27.0-win32-x64\server\plugins\org.eclipse.equinox.launcher_1.6.700.v20231214-2017.jar -configuration c:\Users\ARO\AppData\Roaming\Code\User\globalStorage\redhat.java\1.27.0\config_win -data c:\Users\ARO\AppData\Roaming\Code\User\workspaceStorage\132f02184d1882f9f7cc4f3d25499d29\redhat.java\jdt_ws --stdio

Host: 12th Gen Intel(R) Core(TM) i5-12500H, 16 cores, 15G,  Windows 11 , 64 bit Build 22621 (10.0.22621.2506)
Time: Fri Feb  9 03:16:45 2024 Russie TZ 2 elapsed time: 24.087514 seconds (0d 0h 0m 24s)

---------------  T H R E A D  ---------------

Current thread (0x000002a375f32d00):  JavaThread "C2 CompilerThread0" daemon [_thread_in_native, id=16988, stack(0x000000e241100000,0x000000e241200000)]


Current CompileTask:
C2:  24087 7282   !   4       org.eclipse.jdt.internal.core.search.indexing.BinaryIndexer::indexDocument (1142 bytes)

Stack: [0x000000e241100000,0x000000e241200000]
Native frames: (J=compiled Java code, j=interpreted, Vv=VM code, C=native code)
V  [jvm.dll+0x67d2c9]
V  [jvm.dll+0x834afa]
V  [jvm.dll+0x8365be]
V  [jvm.dll+0x836c23]
V  [jvm.dll+0x2477ff]
V  [jvm.dll+0xac514]
V  [jvm.dll+0xacb5c]
V  [jvm.dll+0x3667d7]
V  [jvm.dll+0x1bcf72]
V  [jvm.dll+0x21a049]
V  [jvm.dll+0x219311]
V  [jvm.dll+0x1a502d]
V  [jvm.dll+0x2290de]
V  [jvm.dll+0x2272ac]
V  [jvm.dll+0x7e9bb7]
V  [jvm.dll+0x7e3fba]
V  [jvm.dll+0x67c1b5]
C  [ucrtbase.dll+0x29363]
C  [KERNEL32.DLL+0x1257d]
C  [ntdll.dll+0x5aa58]


---------------  P R O C E S S  ---------------

Threads class SMR info:
_java_thread_list=0x000002a37bae7de0, length=37, elements={
0x000002a35cf437b0, 0x000002a370db0210, 0x000002a370db3760, 0x000002a370dbbf00,
0x000002a370dbca30, 0x000002a370dbe370, 0x000002a375f2f7c0, 0x000002a375f32d00,
0x000002a375f37360, 0x000002a375f37c70, 0x000002a37603bfc0, 0x000002a3781b2c50,
0x000002a378bda860, 0x000002a3760e90b0, 0x000002a378bb2b00, 0x000002a378af56a0,
0x000002a378af61e0, 0x000002a378a83b00, 0x000002a378637510, 0x000002a378637f30,
0x000002a378639370, 0x000002a376083060, 0x000002a378637000, 0x000002a378635bc0,
0x000002a378638950, 0x000002a378638e60, 0x000002a3786365e0, 0x000002a378636af0,
0x000002a37b5e56e0, 0x000002a37b5e4cc0, 0x000002a37b5e5bf0, 0x000002a37b5e7540,
0x000002a37b5e8980, 0x000002a37a065460, 0x000002a37a0639d0, 0x000002a37a0649c0,
0x000002a37a062490
}

Java Threads: ( => current thread )
  0x000002a35cf437b0 JavaThread "main" [_thread_blocked, id=15120, stack(0x000000e240800000,0x000000e240900000)]
  0x000002a370db0210 JavaThread "Reference Handler" daemon [_thread_blocked, id=4148, stack(0x000000e240b00000,0x000000e240c00000)]
  0x000002a370db3760 JavaThread "Finalizer" daemon [_thread_blocked, id=11524, stack(0x000000e240c00000,0x000000e240d00000)]
  0x000002a370dbbf00 JavaThread "Signal Dispatcher" daemon [_thread_blocked, id=17984, stack(0x000000e240d00000,0x000000e240e00000)]
  0x000002a370dbca30 JavaThread "Attach Listener" daemon [_thread_blocked, id=24424, stack(0x000000e240e00000,0x000000e240f00000)]
  0x000002a370dbe370 JavaThread "Service Thread" daemon [_thread_blocked, id=12700, stack(0x000000e240f00000,0x000000e241000000)]
  0x000002a375f2f7c0 JavaThread "Monitor Deflation Thread" daemon [_thread_blocked, id=25424, stack(0x000000e241000000,0x000000e241100000)]
=>0x000002a375f32d00 JavaThread "C2 CompilerThread0" daemon [_thread_in_native, id=16988, stack(0x000000e241100000,0x000000e241200000)]
  0x000002a375f37360 JavaThread "C1 CompilerThread0" daemon [_thread_blocked, id=2116, stack(0x000000e241200000,0x000000e241300000)]
  0x000002a375f37c70 JavaThread "Sweeper thread" daemon [_thread_blocked, id=4744, stack(0x000000e241300000,0x000000e241400000)]
  0x000002a37603bfc0 JavaThread "Common-Cleaner" daemon [_thread_blocked, id=25224, stack(0x000000e241400000,0x000000e241500000)]
  0x000002a3781b2c50 JavaThread "Notification Thread" daemon [_thread_blocked, id=24384, stack(0x000000e241a00000,0x000000e241b00000)]
  0x000002a378bda860 JavaThread "Active Thread: Equinox Container: 739d0362-e3de-45ec-958f-b97a6dfe7204" [_thread_blocked, id=3548, stack(0x000000e242300000,0x000000e242400000)]
  0x000002a3760e90b0 JavaThread "Framework Event Dispatcher: Equinox Container: 739d0362-e3de-45ec-958f-b97a6dfe7204" daemon [_thread_blocked, id=25128, stack(0x000000e241700000,0x000000e241800000)]
  0x000002a378bb2b00 JavaThread "Start Level: Equinox Container: 739d0362-e3de-45ec-958f-b97a6dfe7204" daemon [_thread_blocked, id=8956, stack(0x000000e241800000,0x000000e241900000)]
  0x000002a378af56a0 JavaThread "Bundle File Closer" daemon [_thread_blocked, id=100, stack(0x000000e242500000,0x000000e242600000)]
  0x000002a378af61e0 JavaThread "SCR Component Actor" daemon [_thread_blocked, id=24388, stack(0x000000e241600000,0x000000e241700000)]
  0x000002a378a83b00 JavaThread "C1 CompilerThread1" daemon [_thread_blocked, id=24012, stack(0x000000e242400000,0x000000e242500000)]
  0x000002a378637510 JavaThread "Worker-JM" [_thread_blocked, id=21656, stack(0x000000e242600000,0x000000e242700000)]
  0x000002a378637f30 JavaThread "Worker-0" [_thread_blocked, id=11364, stack(0x000000e242a00000,0x000000e242b00000)]
  0x000002a378639370 JavaThread "Worker-1: Initialize Workspace" [_thread_blocked, id=21632, stack(0x000000e242b00000,0x000000e242c00000)]
  0x000002a376083060 JavaThread "C1 CompilerThread2" daemon [_thread_blocked, id=24716, stack(0x000000e242d00000,0x000000e242e00000)]
  0x000002a378637000 JavaThread "Java indexing" daemon [_thread_blocked, id=6768, stack(0x000000e243100000,0x000000e243200000)]
  0x000002a378635bc0 JavaThread "JNA Cleaner" daemon [_thread_blocked, id=25084, stack(0x000000e243300000,0x000000e243400000)]
  0x000002a378638950 JavaThread "pool-2-thread-1" [_thread_blocked, id=23284, stack(0x000000e243600000,0x000000e243700000)]
  0x000002a378638e60 JavaThread "Worker-2: Loading available Gradle versions" [_thread_in_native, id=356, stack(0x000000e243700000,0x000000e243800000)]
  0x000002a3786365e0 JavaThread "WorkspaceEventsHandler" [_thread_blocked, id=6136, stack(0x000000e243800000,0x000000e243900000)]
  0x000002a378636af0 JavaThread "pool-1-thread-1" [_thread_blocked, id=4804, stack(0x000000e243900000,0x000000e243a00000)]
  0x000002a37b5e56e0 JavaThread "Worker-3" [_thread_blocked, id=4948, stack(0x000000e243a00000,0x000000e243b00000)]
  0x000002a37b5e4cc0 JavaThread "Timer-0" [_thread_blocked, id=23984, stack(0x000000e243f00000,0x000000e244000000)]
  0x000002a37b5e5bf0 JavaThread "Connection worker" [_thread_blocked, id=9492, stack(0x000000e243b00000,0x000000e243c00000)]
  0x000002a37b5e7540 JavaThread "Distribution download" daemon [_thread_blocked, id=11396, stack(0x000000e243c00000,0x000000e243d00000)]
  0x000002a37b5e8980 JavaThread "Worker-4: Java indexing... " [_thread_blocked, id=19920, stack(0x000000e243000000,0x000000e243100000)]
  0x000002a37a065460 JavaThread "C2 CompilerThread1" daemon [_thread_blocked, id=16152, stack(0x000000e241d00000,0x000000e241e00000)]
  0x000002a37a0639d0 JavaThread "C2 CompilerThread2" daemon [_thread_blocked, id=11876, stack(0x000000e242c00000,0x000000e242d00000)]
  0x000002a37a0649c0 JavaThread "C2 CompilerThread3" daemon [_thread_blocked, id=6828, stack(0x000000e243200000,0x000000e243300000)]
  0x000002a37a062490 JavaThread "C2 CompilerThread4" daemon [_thread_blocked, id=22488, stack(0x000000e243d00000,0x000000e243e00000)]

Other Threads:
  0x000002a35cfdecc0 VMThread "VM Thread" [stack: 0x000000e240a00000,0x000000e240b00000] [id=13176]
  0x000002a37807ec80 WatcherThread [stack: 0x000000e241b00000,0x000000e241c00000] [id=1800]
  0x000002a35cf57b30 GCTaskThread "GC Thread#0" [stack: 0x000000e240900000,0x000000e240a00000] [id=21368]
  0x000002a378642850 GCTaskThread "GC Thread#1" [stack: 0x000000e241e00000,0x000000e241f00000] [id=4628]
  0x000002a378547310 GCTaskThread "GC Thread#2" [stack: 0x000000e241f00000,0x000000e242000000] [id=12276]
  0x000002a3785475d0 GCTaskThread "GC Thread#3" [stack: 0x000000e242000000,0x000000e242100000] [id=3328]
  0x000002a378547890 GCTaskThread "GC Thread#4" [stack: 0x000000e242100000,0x000000e242200000] [id=24160]
  0x000002a378547d60 GCTaskThread "GC Thread#5" [stack: 0x000000e242200000,0x000000e242300000] [id=9080]
  0x000002a378b58d30 GCTaskThread "GC Thread#6" [stack: 0x000000e241900000,0x000000e241a00000] [id=17288]
  0x000002a378b58a70 GCTaskThread "GC Thread#7" [stack: 0x000000e241c00000,0x000000e241d00000] [id=23464]
  0x000002a378b57730 GCTaskThread "GC Thread#8" [stack: 0x000000e241500000,0x000000e241600000] [id=14812]
  0x000002a378b584f0 GCTaskThread "GC Thread#9" [stack: 0x000000e242700000,0x000000e242800000] [id=19968]
  0x000002a378b579f0 GCTaskThread "GC Thread#10" [stack: 0x000000e242800000,0x000000e242900000] [id=24428]
  0x000002a378b57cb0 GCTaskThread "GC Thread#11" [stack: 0x000000e242900000,0x000000e242a00000] [id=25276]
  0x000002a378b58230 GCTaskThread "GC Thread#12" [stack: 0x000000e242f00000,0x000000e243000000] [id=13328]

Threads with active compile tasks:
C2 CompilerThread0    24103 7282   !   4       org.eclipse.jdt.internal.core.search.indexing.BinaryIndexer::indexDocument (1142 bytes)

VM state: at safepoint (normal execution)

VM Mutex/Monitor currently owned by a thread:  ([mutex/lock_event])
[0x000002a35cf3fe20] Threads_lock - owner thread: 0x000002a35cfdecc0
[0x000002a35cf40060] Heap_lock - owner thread: 0x000002a378637000

Heap address: 0x00000000c0000000, size: 1024 MB, Compressed Oops mode: 32-bit

CDS archive(s) not mapped
Compressed class space mapped at: 0x0000000100000000-0x0000000140000000, reserved size: 1073741824
Narrow klass base: 0x0000000000000000, Narrow klass shift: 3, Narrow klass range: 0x140000000

GC Precious Log:
 CPUs: 16 total, 16 available
 Memory: 16002M
 Large Page Support: Disabled
 NUMA Support: Disabled
 Compressed Oops: Enabled (32-bit)
 Alignments: Space 512K, Generation 512K, Heap 2M
 Heap Min Capacity: 100M
 Heap Initial Capacity: 100M
 Heap Max Capacity: 1G
 Pre-touch: Disabled
 Parallel Workers: 13

Heap:
 PSYoungGen      total 11776K, used 9216K [0x00000000eab00000, 0x00000000eba00000, 0x0000000100000000)
  eden space 9216K, 100% used [0x00000000eab00000,0x00000000eb400000,0x00000000eb400000)
  from space 2560K, 0% used [0x00000000eb680000,0x00000000eb680000,0x00000000eb900000)
  to   space 2560K, 0% used [0x00000000eb400000,0x00000000eb400000,0x00000000eb680000)
 ParOldGen       total 119808K, used 119727K [0x00000000c0000000, 0x00000000c7500000, 0x00000000eab00000)
  object space 119808K, 99% used [0x00000000c0000000,0x00000000c74ebe30,0x00000000c7500000)
 Metaspace       used 57024K, committed 57984K, reserved 1114112K
  class space    used 6233K, committed 6656K, reserved 1048576K

Card table byte_map: [0x000002a35c8c0000,0x000002a35cad0000] _byte_map_base: 0x000002a35c2c0000

Marking Bits: (ParMarkBitMap*) 0x00007ffd3aaad7d0
 Begin Bits: [0x000002a36ebc0000, 0x000002a36fbc0000)
 End Bits:   [0x000002a36fbc0000, 0x000002a370bc0000)

Polling page: 0x000002a35ae70000

Metaspace:

Usage:
  Non-class:     49.60 MB used.
      Class:      6.09 MB used.
       Both:     55.69 MB used.

Virtual space:
  Non-class space:       64.00 MB reserved,      50.12 MB ( 78%) committed,  1 nodes.
      Class space:        1.00 GB reserved,       6.50 MB ( <1%) committed,  1 nodes.
             Both:        1.06 GB reserved,      56.62 MB (  5%) committed. 

Chunk freelists:
   Non-Class:  13.23 MB
       Class:  9.41 MB
        Both:  22.64 MB

MaxMetaspaceSize: unlimited
CompressedClassSpaceSize: 1.00 GB
Initial GC threshold: 21.00 MB
Current GC threshold: 94.31 MB
CDS: off
MetaspaceReclaimPolicy: balanced
 - commit_granule_bytes: 65536.
 - commit_granule_words: 8192.
 - virtual_space_node_default_size: 8388608.
 - enlarge_chunks_in_place: 1.
 - new_chunks_are_fully_committed: 0.
 - uncommit_free_chunks: 1.
 - use_allocation_guard: 0.
 - handle_deallocations: 1.


Internal statistics:

num_allocs_failed_limit: 6.
num_arena_births: 478.
num_arena_deaths: 14.
num_vsnodes_births: 2.
num_vsnodes_deaths: 0.
num_space_committed: 906.
num_space_uncommitted: 0.
num_chunks_returned_to_freelist: 20.
num_chunks_taken_from_freelist: 2490.
num_chunk_merges: 11.
num_chunk_splits: 1614.
num_chunks_enlarged: 1048.
num_inconsistent_stats: 0.

CodeHeap 'non-profiled nmethods': size=119168Kb used=5542Kb max_used=5542Kb free=113625Kb
 bounds [0x000002a367760000, 0x000002a367cd0000, 0x000002a36ebc0000]
CodeHeap 'profiled nmethods': size=119104Kb used=13390Kb max_used=13390Kb free=105713Kb
 bounds [0x000002a35fbc0000, 0x000002a3608e0000, 0x000002a367010000]
CodeHeap 'non-nmethods': size=7488Kb used=2444Kb max_used=3120Kb free=5043Kb
 bounds [0x000002a367010000, 0x000002a367370000, 0x000002a367760000]
 total_blobs=7191 nmethods=6535 adapters=567
 compilation: enabled
              stopped_count=0, restarted_count=0
 full_count=0

Compilation events (20 events):
Event: 23.742 Thread 0x000002a378a83b00 7295       3       org.eclipse.jdt.internal.compiler.classfmt.ClassFileReader::decodeAnnotations (252 bytes)
Event: 23.742 Thread 0x000002a378a83b00 nmethod 7295 0x000002a3608d1a90 code [0x000002a3608d1ce0, 0x000002a3608d2c18]
Event: 23.744 Thread 0x000002a37a0639d0 7296       4       org.eclipse.jdt.core.Signature::appendTypeSignature (513 bytes)
Event: 23.745 Thread 0x000002a37a0639d0 nmethod 7296 0x000002a367cb5610 code [0x000002a367cb57a0, 0x000002a367cb58e8]
Event: 23.745 Thread 0x000002a37a0639d0 7297       4       org.eclipse.jdt.internal.compiler.classfmt.AnnotationInfo::scanAnnotation (330 bytes)
Event: 23.745 Thread 0x000002a37a065460 7298       4       org.eclipse.jdt.core.Signature::toCharArray (83 bytes)
Event: 23.752 Thread 0x000002a37a065460 nmethod 7298 0x000002a367cb5a90 code [0x000002a367cb5c40, 0x000002a367cb6168]
Event: 23.757 Thread 0x000002a37a0649c0 nmethod 7277 0x000002a367cb6510 code [0x000002a367cb6a80, 0x000002a367cbde28]
Event: 23.757 Thread 0x000002a37a062f30 7299   !   4       org.eclipse.jdt.internal.compiler.classfmt.AnnotationInfo::decodeAnnotation (302 bytes)
Event: 23.768 Thread 0x000002a37a0639d0 nmethod 7297 0x000002a367cc1390 code [0x000002a367cc17a0, 0x000002a367cc28a0]
Event: 23.775 Thread 0x000002a37a062f30 nmethod 7299 0x000002a367cc3090 code [0x000002a367cc3280, 0x000002a367cc4018]
Event: 23.791 Thread 0x000002a37a0629e0 nmethod 7294 0x000002a367cc4890 code [0x000002a367cc4b80, 0x000002a367cc7008]
Event: 23.808 Thread 0x000002a37a0629e0 7300       4       org.eclipse.jdt.internal.compiler.util.Util::scanClassTypeSignature (109 bytes)
Event: 23.811 Thread 0x000002a37a0629e0 nmethod 7300 0x000002a367cc8890 code [0x000002a367cc8a40, 0x000002a367cc8da8]
Event: 23.866 Thread 0x000002a378a83b00 7301       3       org.eclipse.jdt.internal.core.search.indexing.AbstractIndexer::addEnumDeclaration (107 bytes)
Event: 23.867 Thread 0x000002a378a83b00 nmethod 7301 0x000002a3608d3010 code [0x000002a3608d3340, 0x000002a3608d4888]
Event: 24.067 Thread 0x000002a376083060 7302  s    1       java.lang.StringBuffer::length (5 bytes)
Event: 24.067 Thread 0x000002a376083060 nmethod 7302 0x000002a367cc9110 code [0x000002a367cc92a0, 0x000002a367cc9418]
Event: 24.068 Thread 0x000002a37a0639d0 7303       4       org.eclipse.jdt.core.Signature::checkNextChar (42 bytes)
Event: 24.069 Thread 0x000002a37a0639d0 nmethod 7303 0x000002a367cc9490 code [0x000002a367cc9620, 0x000002a367cc97d8]

GC Heap History (20 events):
Event: 23.687 GC heap before
{Heap before GC invocations=57 (full 4):
 PSYoungGen      total 11776K, used 11554K [0x00000000eab00000, 0x00000000eb900000, 0x0000000100000000)
  eden space 9216K, 100% used [0x00000000eab00000,0x00000000eb400000,0x00000000eb400000)
  from space 2560K, 91% used [0x00000000eb680000,0x00000000eb8c8ab8,0x00000000eb900000)
  to   space 2560K, 0% used [0x00000000eb400000,0x00000000eb400000,0x00000000eb680000)
 ParOldGen       total 119808K, used 102832K [0x00000000c0000000, 0x00000000c7500000, 0x00000000eab00000)
  object space 119808K, 85% used [0x00000000c0000000,0x00000000c646c168,0x00000000c7500000)
 Metaspace       used 57024K, committed 57984K, reserved 1114112K
  class space    used 6233K, committed 6656K, reserved 1048576K
}
Event: 23.690 GC heap after
{Heap after GC invocations=57 (full 4):
 PSYoungGen      total 11776K, used 2317K [0x00000000eab00000, 0x00000000eb900000, 0x0000000100000000)
  eden space 9216K, 0% used [0x00000000eab00000,0x00000000eab00000,0x00000000eb400000)
  from space 2560K, 90% used [0x00000000eb400000,0x00000000eb6437c0,0x00000000eb680000)
  to   space 2560K, 0% used [0x00000000eb680000,0x00000000eb680000,0x00000000eb900000)
 ParOldGen       total 119808K, used 104948K [0x00000000c0000000, 0x00000000c7500000, 0x00000000eab00000)
  object space 119808K, 87% used [0x00000000c0000000,0x00000000c667d1b8,0x00000000c7500000)
 Metaspace       used 57024K, committed 57984K, reserved 1114112K
  class space    used 6233K, committed 6656K, reserved 1048576K
}
Event: 23.721 GC heap before
{Heap before GC invocations=58 (full 4):
 PSYoungGen      total 11776K, used 11533K [0x00000000eab00000, 0x00000000eb900000, 0x0000000100000000)
  eden space 9216K, 100% used [0x00000000eab00000,0x00000000eb400000,0x00000000eb400000)
  from space 2560K, 90% used [0x00000000eb400000,0x00000000eb6437c0,0x00000000eb680000)
  to   space 2560K, 0% used [0x00000000eb680000,0x00000000eb680000,0x00000000eb900000)
 ParOldGen       total 119808K, used 104948K [0x00000000c0000000, 0x00000000c7500000, 0x00000000eab00000)
  object space 119808K, 87% used [0x00000000c0000000,0x00000000c667d1b8,0x00000000c7500000)
 Metaspace       used 57024K, committed 57984K, reserved 1114112K
  class space    used 6233K, committed 6656K, reserved 1048576K
}
Event: 23.724 GC heap after
{Heap after GC invocations=58 (full 4):
 PSYoungGen      total 11776K, used 2433K [0x00000000eab00000, 0x00000000eb900000, 0x0000000100000000)
  eden space 9216K, 0% used [0x00000000eab00000,0x00000000eab00000,0x00000000eb400000)
  from space 2560K, 95% used [0x00000000eb680000,0x00000000eb8e0720,0x00000000eb900000)
  to   space 2560K, 0% used [0x00000000eb400000,0x00000000eb400000,0x00000000eb680000)
 ParOldGen       total 119808K, used 107091K [0x00000000c0000000, 0x00000000c7500000, 0x00000000eab00000)
  object space 119808K, 89% used [0x00000000c0000000,0x00000000c6894da8,0x00000000c7500000)
 Metaspace       used 57024K, committed 57984K, reserved 1114112K
  class space    used 6233K, committed 6656K, reserved 1048576K
}
Event: 23.748 GC heap before
{Heap before GC invocations=59 (full 4):
 PSYoungGen      total 11776K, used 11649K [0x00000000eab00000, 0x00000000eb900000, 0x0000000100000000)
  eden space 9216K, 100% used [0x00000000eab00000,0x00000000eb400000,0x00000000eb400000)
  from space 2560K, 95% used [0x00000000eb680000,0x00000000eb8e0720,0x00000000eb900000)
  to   space 2560K, 0% used [0x00000000eb400000,0x00000000eb400000,0x00000000eb680000)
 ParOldGen       total 119808K, used 107091K [0x00000000c0000000, 0x00000000c7500000, 0x00000000eab00000)
  object space 119808K, 89% used [0x00000000c0000000,0x00000000c6894da8,0x00000000c7500000)
 Metaspace       used 57024K, committed 57984K, reserved 1114112K
  class space    used 6233K, committed 6656K, reserved 1048576K
}
Event: 23.751 GC heap after
{Heap after GC invocations=59 (full 4):
 PSYoungGen      total 11776K, used 2213K [0x00000000eab00000, 0x00000000eb900000, 0x0000000100000000)
  eden space 9216K, 0% used [0x00000000eab00000,0x00000000eab00000,0x00000000eb400000)
  from space 2560K, 86% used [0x00000000eb400000,0x00000000eb629688,0x00000000eb680000)
  to   space 2560K, 0% used [0x00000000eb680000,0x00000000eb680000,0x00000000eb900000)
 ParOldGen       total 119808K, used 109336K [0x00000000c0000000, 0x00000000c7500000, 0x00000000eab00000)
  object space 119808K, 91% used [0x00000000c0000000,0x00000000c6ac6260,0x00000000c7500000)
 Metaspace       used 57024K, committed 57984K, reserved 1114112K
  class space    used 6233K, committed 6656K, reserved 1048576K
}
Event: 23.776 GC heap before
{Heap before GC invocations=60 (full 4):
 PSYoungGen      total 11776K, used 11429K [0x00000000eab00000, 0x00000000eb900000, 0x0000000100000000)
  eden space 9216K, 100% used [0x00000000eab00000,0x00000000eb400000,0x00000000eb400000)
  from space 2560K, 86% used [0x00000000eb400000,0x00000000eb629688,0x00000000eb680000)
  to   space 2560K, 0% used [0x00000000eb680000,0x00000000eb680000,0x00000000eb900000)
 ParOldGen       total 119808K, used 109336K [0x00000000c0000000, 0x00000000c7500000, 0x00000000eab00000)
  object space 119808K, 91% used [0x00000000c0000000,0x00000000c6ac6260,0x00000000c7500000)
 Metaspace       used 57024K, committed 57984K, reserved 1114112K
  class space    used 6233K, committed 6656K, reserved 1048576K
}
Event: 23.779 GC heap after
{Heap after GC invocations=60 (full 4):
 PSYoungGen      total 11776K, used 2232K [0x00000000eab00000, 0x00000000eb900000, 0x0000000100000000)
  eden space 9216K, 0% used [0x00000000eab00000,0x00000000eab00000,0x00000000eb400000)
  from space 2560K, 87% used [0x00000000eb680000,0x00000000eb8ae3c0,0x00000000eb900000)
  to   space 2560K, 0% used [0x00000000eb400000,0x00000000eb400000,0x00000000eb680000)
 ParOldGen       total 119808K, used 111451K [0x00000000c0000000, 0x00000000c7500000, 0x00000000eab00000)
  object space 119808K, 93% used [0x00000000c0000000,0x00000000c6cd6d28,0x00000000c7500000)
 Metaspace       used 57024K, committed 57984K, reserved 1114112K
  class space    used 6233K, committed 6656K, reserved 1048576K
}
Event: 23.802 GC heap before
{Heap before GC invocations=61 (full 4):
 PSYoungGen      total 11776K, used 11448K [0x00000000eab00000, 0x00000000eb900000, 0x0000000100000000)
  eden space 9216K, 100% used [0x00000000eab00000,0x00000000eb400000,0x00000000eb400000)
  from space 2560K, 87% used [0x00000000eb680000,0x00000000eb8ae3c0,0x00000000eb900000)
  to   space 2560K, 0% used [0x00000000eb400000,0x00000000eb400000,0x00000000eb680000)
 ParOldGen       total 119808K, used 111451K [0x00000000c0000000, 0x00000000c7500000, 0x00000000eab00000)
  object space 119808K, 93% used [0x00000000c0000000,0x00000000c6cd6d28,0x00000000c7500000)
 Metaspace       used 57024K, committed 57984K, reserved 1114112K
  class space    used 6233K, committed 6656K, reserved 1048576K
}
Event: 23.805 GC heap after
{Heap after GC invocations=61 (full 4):
 PSYoungGen      total 11776K, used 2097K [0x00000000eab00000, 0x00000000eb900000, 0x0000000100000000)
  eden space 9216K, 0% used [0x00000000eab00000,0x00000000eab00000,0x00000000eb400000)
  from space 2560K, 81% used [0x00000000eb400000,0x00000000eb60c630,0x00000000eb680000)
  to   space 2560K, 0% used [0x00000000eb680000,0x00000000eb680000,0x00000000eb900000)
 ParOldGen       total 119808K, used 113476K [0x00000000c0000000, 0x00000000c7500000, 0x00000000eab00000)
  object space 119808K, 94% used [0x00000000c0000000,0x00000000c6ed1048,0x00000000c7500000)
 Metaspace       used 57024K, committed 57984K, reserved 1114112K
  class space    used 6233K, committed 6656K, reserved 1048576K
}
Event: 23.829 GC heap before
{Heap before GC invocations=62 (full 4):
 PSYoungGen      total 11776K, used 11313K [0x00000000eab00000, 0x00000000eb900000, 0x0000000100000000)
  eden space 9216K, 100% used [0x00000000eab00000,0x00000000eb400000,0x00000000eb400000)
  from space 2560K, 81% used [0x00000000eb400000,0x00000000eb60c630,0x00000000eb680000)
  to   space 2560K, 0% used [0x00000000eb680000,0x00000000eb680000,0x00000000eb900000)
 ParOldGen       total 119808K, used 113476K [0x00000000c0000000, 0x00000000c7500000, 0x00000000eab00000)
  object space 119808K, 94% used [0x00000000c0000000,0x00000000c6ed1048,0x00000000c7500000)
 Metaspace       used 57024K, committed 57984K, reserved 1114112K
  class space    used 6233K, committed 6656K, reserved 1048576K
}
Event: 23.832 GC heap after
{Heap after GC invocations=62 (full 4):
 PSYoungGen      total 11776K, used 2223K [0x00000000eab00000, 0x00000000eb900000, 0x0000000100000000)
  eden space 9216K, 0% used [0x00000000eab00000,0x00000000eab00000,0x00000000eb400000)
  from space 2560K, 86% used [0x00000000eb680000,0x00000000eb8abce0,0x00000000eb900000)
  to   space 2560K, 0% used [0x00000000eb400000,0x00000000eb400000,0x00000000eb680000)
 ParOldGen       total 119808K, used 115497K [0x00000000c0000000, 0x00000000c7500000, 0x00000000eab00000)
  object space 119808K, 96% used [0x00000000c0000000,0x00000000c70ca5d0,0x00000000c7500000)
 Metaspace       used 57024K, committed 57984K, reserved 1114112K
  class space    used 6233K, committed 6656K, reserved 1048576K
}
Event: 23.854 GC heap before
{Heap before GC invocations=63 (full 4):
 PSYoungGen      total 11776K, used 11439K [0x00000000eab00000, 0x00000000eb900000, 0x0000000100000000)
  eden space 9216K, 100% used [0x00000000eab00000,0x00000000eb400000,0x00000000eb400000)
  from space 2560K, 86% used [0x00000000eb680000,0x00000000eb8abce0,0x00000000eb900000)
  to   space 2560K, 0% used [0x00000000eb400000,0x00000000eb400000,0x00000000eb680000)
 ParOldGen       total 119808K, used 115497K [0x00000000c0000000, 0x00000000c7500000, 0x00000000eab00000)
  object space 119808K, 96% used [0x00000000c0000000,0x00000000c70ca5d0,0x00000000c7500000)
 Metaspace       used 57024K, committed 57984K, reserved 1114112K
  class space    used 6233K, committed 6656K, reserved 1048576K
}
Event: 23.858 GC heap after
{Heap after GC invocations=63 (full 4):
 PSYoungGen      total 11776K, used 2265K [0x00000000eab00000, 0x00000000eb900000, 0x0000000100000000)
  eden space 9216K, 0% used [0x00000000eab00000,0x00000000eab00000,0x00000000eb400000)
  from space 2560K, 88% used [0x00000000eb400000,0x00000000eb6365e0,0x00000000eb680000)
  to   space 2560K, 0% used [0x00000000eb680000,0x00000000eb680000,0x00000000eb900000)
 ParOldGen       total 119808K, used 117580K [0x00000000c0000000, 0x00000000c7500000, 0x00000000eab00000)
  object space 119808K, 98% used [0x00000000c0000000,0x00000000c72d32e0,0x00000000c7500000)
 Metaspace       used 57024K, committed 57984K, reserved 1114112K
  class space    used 6233K, committed 6656K, reserved 1048576K
}
Event: 23.879 GC heap before
{Heap before GC invocations=64 (full 4):
 PSYoungGen      total 11776K, used 11481K [0x00000000eab00000, 0x00000000eb900000, 0x0000000100000000)
  eden space 9216K, 100% used [0x00000000eab00000,0x00000000eb400000,0x00000000eb400000)
  from space 2560K, 88% used [0x00000000eb400000,0x00000000eb6365e0,0x00000000eb680000)
  to   space 2560K, 0% used [0x00000000eb680000,0x00000000eb680000,0x00000000eb900000)
 ParOldGen       total 119808K, used 117580K [0x00000000c0000000, 0x00000000c7500000, 0x00000000eab00000)
  object space 119808K, 98% used [0x00000000c0000000,0x00000000c72d32e0,0x00000000c7500000)
 Metaspace       used 57024K, committed 57984K, reserved 1114112K
  class space    used 6233K, committed 6656K, reserved 1048576K
}
Event: 23.882 GC heap after
{Heap after GC invocations=64 (full 4):
 PSYoungGen      total 11776K, used 2388K [0x00000000eab00000, 0x00000000eb900000, 0x0000000100000000)
  eden space 9216K, 0% used [0x00000000eab00000,0x00000000eab00000,0x00000000eb400000)
  from space 2560K, 93% used [0x00000000eb680000,0x00000000eb8d5208,0x00000000eb900000)
  to   space 2560K, 0% used [0x00000000eb400000,0x00000000eb400000,0x00000000eb680000)
 ParOldGen       total 119808K, used 119716K [0x00000000c0000000, 0x00000000c7500000, 0x00000000eab00000)
  object space 119808K, 99% used [0x00000000c0000000,0x00000000c74e93f0,0x00000000c7500000)
 Metaspace       used 57024K, committed 57984K, reserved 1114112K
  class space    used 6233K, committed 6656K, reserved 1048576K
}
Event: 23.882 GC heap before
{Heap before GC invocations=65 (full 5):
 PSYoungGen      total 11776K, used 2388K [0x00000000eab00000, 0x00000000eb900000, 0x0000000100000000)
  eden space 9216K, 0% used [0x00000000eab00000,0x00000000eab00000,0x00000000eb400000)
  from space 2560K, 93% used [0x00000000eb680000,0x00000000eb8d5208,0x00000000eb900000)
  to   space 2560K, 0% used [0x00000000eb400000,0x00000000eb400000,0x00000000eb680000)
 ParOldGen       total 119808K, used 119716K [0x00000000c0000000, 0x00000000c7500000, 0x00000000eab00000)
  object space 119808K, 99% used [0x00000000c0000000,0x00000000c74e93f0,0x00000000c7500000)
 Metaspace       used 57024K, committed 57984K, reserved 1114112K
  class space    used 6233K, committed 6656K, reserved 1048576K
}
Event: 23.941 GC heap after
{Heap after GC invocations=65 (full 5):
 PSYoungGen      total 11776K, used 0K [0x00000000eab00000, 0x00000000eb900000, 0x0000000100000000)
  eden space 9216K, 0% used [0x00000000eab00000,0x00000000eab00000,0x00000000eb400000)
  from space 2560K, 0% used [0x00000000eb400000,0x00000000eb400000,0x00000000eb680000)
  to   space 2560K, 0% used [0x00000000eb680000,0x00000000eb680000,0x00000000eb900000)
 ParOldGen       total 119808K, used 119408K [0x00000000c0000000, 0x00000000c7500000, 0x00000000eab00000)
  object space 119808K, 99% used [0x00000000c0000000,0x00000000c749c3b0,0x00000000c7500000)
 Metaspace       used 57024K, committed 57984K, reserved 1114112K
  class space    used 6233K, committed 6656K, reserved 1048576K
}
Event: 23.983 GC heap before
{Heap before GC invocations=66 (full 6):
 PSYoungGen      total 11776K, used 9216K [0x00000000eab00000, 0x00000000eb900000, 0x0000000100000000)
  eden space 9216K, 100% used [0x00000000eab00000,0x00000000eb400000,0x00000000eb400000)
  from space 2560K, 0% used [0x00000000eb400000,0x00000000eb400000,0x00000000eb680000)
  to   space 2560K, 0% used [0x00000000eb680000,0x00000000eb680000,0x00000000eb900000)
 ParOldGen       total 119808K, used 119408K [0x00000000c0000000, 0x00000000c7500000, 0x00000000eab00000)
  object space 119808K, 99% used [0x00000000c0000000,0x00000000c749c3b0,0x00000000c7500000)
 Metaspace       used 57024K, committed 57984K, reserved 1114112K
  class space    used 6233K, committed 6656K, reserved 1048576K
}
Event: 24.057 GC heap after
{Heap after GC invocations=66 (full 6):
 PSYoungGen      total 11776K, used 1648K [0x00000000eab00000, 0x00000000eba00000, 0x0000000100000000)
  eden space 9216K, 17% used [0x00000000eab00000,0x00000000eac9c008,0x00000000eb400000)
  from space 2560K, 0% used [0x00000000eb680000,0x00000000eb680000,0x00000000eb900000)
  to   space 2560K, 0% used [0x00000000eb400000,0x00000000eb400000,0x00000000eb680000)
 ParOldGen       total 119808K, used 119727K [0x00000000c0000000, 0x00000000c7500000, 0x00000000eab00000)
  object space 119808K, 99% used [0x00000000c0000000,0x00000000c74ebe30,0x00000000c7500000)
 Metaspace       used 57024K, committed 57984K, reserved 1114112K
  class space    used 6233K, committed 6656K, reserved 1048576K
}

Dll operation events (13 events):
Event: 0.015 Loaded shared library c:\Users\ARO\.vscode\extensions\redhat.java-1.27.0-win32-x64\jre\17.0.10-win32-x86_64\bin\java.dll
Event: 0.196 Loaded shared library c:\Users\ARO\.vscode\extensions\redhat.java-1.27.0-win32-x64\jre\17.0.10-win32-x86_64\bin\zip.dll
Event: 0.200 Loaded shared library C:\Users\ARO\.vscode\extensions\redhat.java-1.27.0-win32-x64\jre\17.0.10-win32-x86_64\bin\instrument.dll
Event: 0.213 Loaded shared library C:\Users\ARO\.vscode\extensions\redhat.java-1.27.0-win32-x64\jre\17.0.10-win32-x86_64\bin\net.dll
Event: 0.216 Loaded shared library C:\Users\ARO\.vscode\extensions\redhat.java-1.27.0-win32-x64\jre\17.0.10-win32-x86_64\bin\nio.dll
Event: 0.225 Loaded shared library C:\Users\ARO\.vscode\extensions\redhat.java-1.27.0-win32-x64\jre\17.0.10-win32-x86_64\bin\zip.dll
Event: 0.246 Loaded shared library C:\Users\ARO\.vscode\extensions\redhat.java-1.27.0-win32-x64\jre\17.0.10-win32-x86_64\bin\jimage.dll
Event: 0.301 Loaded shared library c:\Users\ARO\.vscode\extensions\redhat.java-1.27.0-win32-x64\jre\17.0.10-win32-x86_64\bin\verify.dll
Event: 4.144 Loaded shared library C:\Users\ARO\AppData\Roaming\Code\User\globalStorage\redhat.java\1.27.0\config_win\org.eclipse.equinox.launcher\org.eclipse.equinox.launcher.win32.win32.x86_64_1.2.900.v20240129-1338\eclipse_11900.dll
Event: 15.666 Loaded shared library C:\Users\ARO\.vscode\extensions\redhat.java-1.27.0-win32-x64\jre\17.0.10-win32-x86_64\bin\management.dll
Event: 15.669 Loaded shared library C:\Users\ARO\.vscode\extensions\redhat.java-1.27.0-win32-x64\jre\17.0.10-win32-x86_64\bin\management_ext.dll
Event: 16.889 Loaded shared library C:\Users\ARO\AppData\Local\Temp\jna-65086\jna10875326259513564229.dll
Event: 19.286 Loaded shared library C:\Users\ARO\.vscode\extensions\redhat.java-1.27.0-win32-x64\jre\17.0.10-win32-x86_64\bin\sunmscapi.dll

Deoptimization events (20 events):
Event: 23.681 Thread 0x000002a378637000 DEOPT PACKING pc=0x000002a3608c6695 sp=0x000000e2431fea40
Event: 23.681 Thread 0x000002a378637000 DEOPT UNPACKING pc=0x000002a367066e43 sp=0x000000e2431fdf68 mode 0
Event: 23.696 Thread 0x000002a378637000 DEOPT PACKING pc=0x000002a3608c6695 sp=0x000000e2431fea40
Event: 23.696 Thread 0x000002a378637000 DEOPT UNPACKING pc=0x000002a367066e43 sp=0x000000e2431fdf68 mode 0
Event: 23.707 Thread 0x000002a378637000 DEOPT PACKING pc=0x000002a3608c6695 sp=0x000000e2431fea40
Event: 23.707 Thread 0x000002a378637000 DEOPT UNPACKING pc=0x000002a367066e43 sp=0x000000e2431fdf68 mode 0
Event: 23.713 Thread 0x000002a378637000 DEOPT PACKING pc=0x000002a3608c6695 sp=0x000000e2431fea40
Event: 23.713 Thread 0x000002a378637000 DEOPT UNPACKING pc=0x000002a367066e43 sp=0x000000e2431fdf68 mode 0
Event: 23.720 Thread 0x000002a378637000 DEOPT PACKING pc=0x000002a3608c6695 sp=0x000000e2431fea40
Event: 23.720 Thread 0x000002a378637000 DEOPT UNPACKING pc=0x000002a367066e43 sp=0x000000e2431fdf68 mode 0
Event: 23.728 Thread 0x000002a378637000 DEOPT PACKING pc=0x000002a3608c6695 sp=0x000000e2431fea40
Event: 23.728 Thread 0x000002a378637000 DEOPT UNPACKING pc=0x000002a367066e43 sp=0x000000e2431fdf68 mode 0
Event: 23.734 Thread 0x000002a378637000 DEOPT PACKING pc=0x000002a3608c6695 sp=0x000000e2431fea40
Event: 23.734 Thread 0x000002a378637000 DEOPT UNPACKING pc=0x000002a367066e43 sp=0x000000e2431fdf68 mode 0
Event: 23.739 Thread 0x000002a378637000 DEOPT PACKING pc=0x000002a3608c6695 sp=0x000000e2431fea40
Event: 23.739 Thread 0x000002a378637000 DEOPT UNPACKING pc=0x000002a367066e43 sp=0x000000e2431fdf68 mode 0
Event: 23.744 Thread 0x000002a378637000 DEOPT PACKING pc=0x000002a3608c6695 sp=0x000000e2431fea40
Event: 23.744 Thread 0x000002a378637000 DEOPT UNPACKING pc=0x000002a367066e43 sp=0x000000e2431fdf68 mode 0
Event: 23.755 Thread 0x000002a378637000 DEOPT PACKING pc=0x000002a3608c6695 sp=0x000000e2431fea40
Event: 23.755 Thread 0x000002a378637000 DEOPT UNPACKING pc=0x000002a367066e43 sp=0x000000e2431fdf68 mode 0

Classes unloaded (7 events):
Event: 15.638 Thread 0x000002a35cfdecc0 Unloading class 0x0000000100248400 'java/lang/invoke/LambdaForm$MH+0x0000000100248400'
Event: 15.638 Thread 0x000002a35cfdecc0 Unloading class 0x0000000100248000 'java/lang/invoke/LambdaForm$MH+0x0000000100248000'
Event: 15.638 Thread 0x000002a35cfdecc0 Unloading class 0x0000000100247c00 'java/lang/invoke/LambdaForm$MH+0x0000000100247c00'
Event: 15.638 Thread 0x000002a35cfdecc0 Unloading class 0x0000000100247800 'java/lang/invoke/LambdaForm$MH+0x0000000100247800'
Event: 15.638 Thread 0x000002a35cfdecc0 Unloading class 0x0000000100247400 'java/lang/invoke/LambdaForm$BMH+0x0000000100247400'
Event: 15.638 Thread 0x000002a35cfdecc0 Unloading class 0x0000000100247000 'java/lang/invoke/LambdaForm$DMH+0x0000000100247000'
Event: 15.638 Thread 0x000002a35cfdecc0 Unloading class 0x0000000100244400 'java/lang/invoke/LambdaForm$DMH+0x0000000100244400'

Classes redefined (0 events):
No events

Internal exceptions (20 events):
Event: 20.507 Thread 0x000002a378639370 Exception <a 'sun/nio/fs/WindowsException'{0x00000000eacfe930}> (0x00000000eacfe930) 
thrown [s\src\hotspot\share\prims\jni.cpp, line 516]
Event: 20.507 Thread 0x000002a378639370 Exception <a 'sun/nio/fs/WindowsException'{0x00000000eacfef98}> (0x00000000eacfef98) 
thrown [s\src\hotspot\share\prims\jni.cpp, line 516]
Event: 20.507 Thread 0x000002a378639370 Exception <a 'sun/nio/fs/WindowsException'{0x00000000eacff600}> (0x00000000eacff600) 
thrown [s\src\hotspot\share\prims\jni.cpp, line 516]
Event: 20.507 Thread 0x000002a378639370 Exception <a 'sun/nio/fs/WindowsException'{0x00000000eacffc88}> (0x00000000eacffc88) 
thrown [s\src\hotspot\share\prims\jni.cpp, line 516]
Event: 20.507 Thread 0x000002a378639370 Exception <a 'sun/nio/fs/WindowsException'{0x00000000ead045e8}> (0x00000000ead045e8) 
thrown [s\src\hotspot\share\prims\jni.cpp, line 516]
Event: 20.508 Thread 0x000002a378639370 Exception <a 'sun/nio/fs/WindowsException'{0x00000000ead04c50}> (0x00000000ead04c50) 
thrown [s\src\hotspot\share\prims\jni.cpp, line 516]
Event: 20.508 Thread 0x000002a378639370 Exception <a 'sun/nio/fs/WindowsException'{0x00000000ead052b8}> (0x00000000ead052b8) 
thrown [s\src\hotspot\share\prims\jni.cpp, line 516]
Event: 20.508 Thread 0x000002a378639370 Exception <a 'sun/nio/fs/WindowsException'{0x00000000ead05940}> (0x00000000ead05940) 
thrown [s\src\hotspot\share\prims\jni.cpp, line 516]
Event: 21.012 Thread 0x000002a37b5e56e0 Exception <a 'java/lang/ClassNotFoundException'{0x00000000eb82fd58}: com/sun/org/apache/xerces/internal/impl/msg/spi/DOMMessagesProvider> (0x00000000eb82fd58) 
thrown [s\src\hotspot\share\classfile\systemDictionary.cpp, line 256]
Event: 21.014 Thread 0x000002a37b5e56e0 Exception <a 'java/lang/ClassNotFoundException'{0x00000000eb855280}: com/sun/org/apache/xerces/internal/impl/msg/spi/XMLSerializerMessagesProvider> (0x00000000eb855280) 
thrown [s\src\hotspot\share\classfile\systemDictionary.cpp, line 256]
Event: 21.018 Thread 0x000002a37b5e56e0 Exception <a 'java/lang/ClassNotFoundException'{0x00000000eb86e208}: com/sun/org/apache/xerces/internal/impl/msg/spi/XMLMessagesProvider> (0x00000000eb86e208) 
thrown [s\src\hotspot\share\classfile\systemDictionary.cpp, line 256]
Event: 21.039 Thread 0x000002a37b5e56e0 Exception <a 'java/io/FileNotFoundException'{0x00000000eb926b08}> (0x00000000eb926b08) 
thrown [s\src\hotspot\share\prims\jni.cpp, line 516]
Event: 21.041 Thread 0x000002a37b5e56e0 Exception <a 'java/io/FileNotFoundException'{0x00000000eb9282f0}> (0x00000000eb9282f0) 
thrown [s\src\hotspot\share\prims\jni.cpp, line 516]
Event: 21.047 Thread 0x000002a37b5e56e0 Exception <a 'java/io/FileNotFoundException'{0x00000000eb94fda0}> (0x00000000eb94fda0) 
thrown [s\src\hotspot\share\prims\jni.cpp, line 516]
Event: 21.067 Thread 0x000002a37b5e56e0 Exception <a 'java/io/FileNotFoundException'{0x00000000eb984990}> (0x00000000eb984990) 
thrown [s\src\hotspot\share\prims\jni.cpp, line 516]
Event: 21.067 Thread 0x000002a37b5e56e0 Exception <a 'java/io/FileNotFoundException'{0x00000000eb985be0}> (0x00000000eb985be0) 
thrown [s\src\hotspot\share\prims\jni.cpp, line 516]
Event: 21.068 Thread 0x000002a37b5e56e0 Exception <a 'java/io/FileNotFoundException'{0x00000000eb986e00}> (0x00000000eb986e00) 
thrown [s\src\hotspot\share\prims\jni.cpp, line 516]
Event: 21.886 Thread 0x000002a378637000 Implicit null exception at 0x000002a367b238ac to 0x000002a367b2399c
Event: 22.287 Thread 0x000002a378637000 Implicit null exception at 0x000002a367b5cbc8 to 0x000002a367b5e8ac
Event: 22.783 Thread 0x000002a378637000 Implicit null exception at 0x000002a367bfbf08 to 0x000002a367bffc54

VM Operations (20 events):
Event: 23.644 Executing VM operation: ParallelGCFailedAllocation
Event: 23.647 Executing VM operation: ParallelGCFailedAllocation done
Event: 23.687 Executing VM operation: ParallelGCFailedAllocation
Event: 23.690 Executing VM operation: ParallelGCFailedAllocation done
Event: 23.721 Executing VM operation: ParallelGCFailedAllocation
Event: 23.724 Executing VM operation: ParallelGCFailedAllocation done
Event: 23.748 Executing VM operation: ParallelGCFailedAllocation
Event: 23.751 Executing VM operation: ParallelGCFailedAllocation done
Event: 23.776 Executing VM operation: ParallelGCFailedAllocation
Event: 23.779 Executing VM operation: ParallelGCFailedAllocation done
Event: 23.802 Executing VM operation: ParallelGCFailedAllocation
Event: 23.805 Executing VM operation: ParallelGCFailedAllocation done
Event: 23.829 Executing VM operation: ParallelGCFailedAllocation
Event: 23.832 Executing VM operation: ParallelGCFailedAllocation done
Event: 23.854 Executing VM operation: ParallelGCFailedAllocation
Event: 23.858 Executing VM operation: ParallelGCFailedAllocation done
Event: 23.879 Executing VM operation: ParallelGCFailedAllocation
Event: 23.941 Executing VM operation: ParallelGCFailedAllocation done
Event: 23.983 Executing VM operation: ParallelGCFailedAllocation
Event: 24.057 Executing VM operation: ParallelGCFailedAllocation done

Events (20 events):
Event: 21.560 loading class java/lang/invoke/BoundMethodHandle$Species_LLLLLLLLLL done
Event: 21.561 loading class java/lang/invoke/BoundMethodHandle$Species_LLLLLLLLLLL
Event: 21.561 loading class java/lang/invoke/BoundMethodHandle$Species_LLLLLLLLLLL done
Event: 21.562 loading class java/lang/invoke/BoundMethodHandle$Species_LLLLLLLLLLLL
Event: 21.562 loading class java/lang/invoke/BoundMethodHandle$Species_LLLLLLLLLLLL done
Event: 21.578 loading class java/lang/invoke/BoundMethodHandle$Species_LLLLLLLLLLLLL
Event: 21.578 loading class java/lang/invoke/BoundMethodHandle$Species_LLLLLLLLLLLLL done
Event: 21.656 Thread 0x000002a37a065460 Thread added: 0x000002a37a065460
Event: 21.664 Thread 0x000002a37a0639d0 Thread added: 0x000002a37a0639d0
Event: 21.732 Thread 0x000002a375f37c70 flushing nmethod 0x000002a35fccdd10
Event: 21.734 Thread 0x000002a375f37c70 flushing nmethod 0x000002a35fed1210
Event: 21.769 Thread 0x000002a37a0649c0 Thread added: 0x000002a37a0649c0
Event: 21.865 Thread 0x000002a37a062490 Thread added: 0x000002a37a062490
Event: 21.865 Thread 0x000002a37a062f30 Thread added: 0x000002a37a062f30
Event: 21.978 Thread 0x000002a37a063480 Thread added: 0x000002a37a063480
Event: 21.978 Thread 0x000002a37a0629e0 Thread added: 0x000002a37a0629e0
Event: 23.356 Thread 0x000002a376083580 Thread exited: 0x000002a376083580
Event: 24.067 Thread 0x000002a37a0629e0 Thread exited: 0x000002a37a0629e0
Event: 24.067 Thread 0x000002a37a063480 Thread exited: 0x000002a37a063480
Event: 24.068 Thread 0x000002a37a062f30 Thread exited: 0x000002a37a062f30


Dynamic libraries:
0x00007ff7522d0000 - 0x00007ff7522de000 	c:\Users\ARO\.vscode\extensions\redhat.java-1.27.0-win32-x64\jre\17.0.10-win32-x86_64\bin\java.exe
0x00007ffda0510000 - 0x00007ffda0727000 	C:\Windows\SYSTEM32\ntdll.dll
0x00007ffd9fc50000 - 0x00007ffd9fd14000 	C:\Windows\System32\KERNEL32.DLL
0x00007ffd9dcd0000 - 0x00007ffd9e076000 	C:\Windows\System32\KERNELBASE.dll
0x00007ffd9a6d0000 - 0x00007ffd9a767000 	C:\Windows\SYSTEM32\apphelp.dll
0x00007ffd9d850000 - 0x00007ffd9d961000 	C:\Windows\System32\ucrtbase.dll
0x00007ffd60c10000 - 0x00007ffd60c27000 	c:\Users\ARO\.vscode\extensions\redhat.java-1.27.0-win32-x64\jre\17.0.10-win32-x86_64\bin\jli.dll
0x00007ffd9ffb0000 - 0x00007ffda015e000 	C:\Windows\System32\USER32.dll
0x00007ffd9dca0000 - 0x00007ffd9dcc6000 	C:\Windows\System32\win32u.dll
0x00007ffd9f2f0000 - 0x00007ffd9f319000 	C:\Windows\System32\GDI32.dll
0x00007ffd671f0000 - 0x00007ffd6720b000 	c:\Users\ARO\.vscode\extensions\redhat.java-1.27.0-win32-x64\jre\17.0.10-win32-x86_64\bin\VCRUNTIME140.dll
0x00007ffd9dae0000 - 0x00007ffd9dbf8000 	C:\Windows\System32\gdi32full.dll
0x00007ffd9dc00000 - 0x00007ffd9dc9a000 	C:\Windows\System32\msvcp_win.dll
0x00007ffd844e0000 - 0x00007ffd84773000 	C:\Windows\WinSxS\amd64_microsoft.windows.common-controls_6595b64144ccf1df_6.0.22621.2506_none_270c5ae97388e100\COMCTL32.dll
0x00007ffd9fe80000 - 0x00007ffd9ff27000 	C:\Windows\System32\msvcrt.dll
0x00007ffd9e2e0000 - 0x00007ffd9e311000 	C:\Windows\System32\IMM32.DLL
0x00007ffd86c20000 - 0x00007ffd86c2c000 	c:\Users\ARO\.vscode\extensions\redhat.java-1.27.0-win32-x64\jre\17.0.10-win32-x86_64\bin\vcruntime140_1.dll
0x00007ffd42ec0000 - 0x00007ffd42f4d000 	c:\Users\ARO\.vscode\extensions\redhat.java-1.27.0-win32-x64\jre\17.0.10-win32-x86_64\bin\msvcp140.dll
0x00007ffd39f10000 - 0x00007ffd3ab72000 	c:\Users\ARO\.vscode\extensions\redhat.java-1.27.0-win32-x64\jre\17.0.10-win32-x86_64\bin\server\jvm.dll
0x00007ffd9f320000 - 0x00007ffd9f3d3000 	C:\Windows\System32\ADVAPI32.dll
0x00007ffd9e560000 - 0x00007ffd9e608000 	C:\Windows\System32\sechost.dll
0x00007ffd9e230000 - 0x00007ffd9e258000 	C:\Windows\System32\bcrypt.dll
0x00007ffd9fac0000 - 0x00007ffd9fbd7000 	C:\Windows\System32\RPCRT4.dll
0x00007ffd9c690000 - 0x00007ffd9c6dd000 	C:\Windows\SYSTEM32\POWRPROF.dll
0x00007ffd68f20000 - 0x00007ffd68f29000 	C:\Windows\SYSTEM32\WSOCK32.dll
0x00007ffd951b0000 - 0x00007ffd951e4000 	C:\Windows\SYSTEM32\WINMM.dll
0x00007ffd9ff30000 - 0x00007ffd9ffa1000 	C:\Windows\System32\WS2_32.dll
0x00007ffd8bd20000 - 0x00007ffd8bd2a000 	C:\Windows\SYSTEM32\VERSION.dll
0x00007ffd9c670000 - 0x00007ffd9c683000 	C:\Windows\SYSTEM32\UMPDC.dll
0x00007ffd9c890000 - 0x00007ffd9c8a8000 	C:\Windows\SYSTEM32\kernel.appcore.dll
0x00007ffd86080000 - 0x00007ffd8608a000 	c:\Users\ARO\.vscode\extensions\redhat.java-1.27.0-win32-x64\jre\17.0.10-win32-x86_64\bin\jimage.dll
0x00007ffd9ab50000 - 0x00007ffd9ad83000 	C:\Windows\SYSTEM32\DBGHELP.DLL
0x00007ffd9e700000 - 0x00007ffd9ea89000 	C:\Windows\System32\combase.dll
0x00007ffd9e610000 - 0x00007ffd9e6e7000 	C:\Windows\System32\OLEAUT32.dll
0x00007ffd88b50000 - 0x00007ffd88b82000 	C:\Windows\SYSTEM32\dbgcore.DLL
0x00007ffd9e1b0000 - 0x00007ffd9e22a000 	C:\Windows\System32\bcryptPrimitives.dll
0x00007ffd852e0000 - 0x00007ffd852ee000 	c:\Users\ARO\.vscode\extensions\redhat.java-1.27.0-win32-x64\jre\17.0.10-win32-x86_64\bin\instrument.dll
0x00007ffd4a690000 - 0x00007ffd4a6b5000 	c:\Users\ARO\.vscode\extensions\redhat.java-1.27.0-win32-x64\jre\17.0.10-win32-x86_64\bin\java.dll
0x00007ffd58490000 - 0x00007ffd584a8000 	c:\Users\ARO\.vscode\extensions\redhat.java-1.27.0-win32-x64\jre\17.0.10-win32-x86_64\bin\zip.dll
0x00007ffd9ea90000 - 0x00007ffd9f2ea000 	C:\Windows\System32\SHELL32.dll
0x00007ffd9b760000 - 0x00007ffd9c056000 	C:\Windows\SYSTEM32\windows.storage.dll
0x00007ffd9b620000 - 0x00007ffd9b75e000 	C:\Windows\SYSTEM32\wintypes.dll
0x00007ffd9e330000 - 0x00007ffd9e423000 	C:\Windows\System32\SHCORE.dll
0x00007ffd9fa00000 - 0x00007ffd9fa5e000 	C:\Windows\System32\shlwapi.dll
0x00007ffd9d780000 - 0x00007ffd9d7a6000 	C:\Windows\SYSTEM32\profapi.dll
0x00007ffd55aa0000 - 0x00007ffd55ab9000 	C:\Users\ARO\.vscode\extensions\redhat.java-1.27.0-win32-x64\jre\17.0.10-win32-x86_64\bin\net.dll
0x00007ffd96a90000 - 0x00007ffd96bc7000 	C:\Windows\SYSTEM32\WINHTTP.dll
0x00007ffd9cda0000 - 0x00007ffd9ce09000 	C:\Windows\system32\mswsock.dll
0x00007ffd558f0000 - 0x00007ffd55906000 	C:\Users\ARO\.vscode\extensions\redhat.java-1.27.0-win32-x64\jre\17.0.10-win32-x86_64\bin\nio.dll
0x00007ffd85290000 - 0x00007ffd852a0000 	c:\Users\ARO\.vscode\extensions\redhat.java-1.27.0-win32-x64\jre\17.0.10-win32-x86_64\bin\verify.dll
0x00007ffd44a00000 - 0x00007ffd44a3e000 	C:\Users\ARO\AppData\Roaming\Code\User\globalStorage\redhat.java\1.27.0\config_win\org.eclipse.equinox.launcher\org.eclipse.equinox.launcher.win32.win32.x86_64_1.2.900.v20240129-1338\eclipse_11900.dll
0x00007ffd9f3e0000 - 0x00007ffd9f580000 	C:\Windows\System32\ole32.dll
0x00007ffd84ae0000 - 0x00007ffd84ae9000 	C:\Users\ARO\.vscode\extensions\redhat.java-1.27.0-win32-x64\jre\17.0.10-win32-x86_64\bin\management.dll
0x00007ffd84a70000 - 0x00007ffd84a7b000 	C:\Users\ARO\.vscode\extensions\redhat.java-1.27.0-win32-x64\jre\17.0.10-win32-x86_64\bin\management_ext.dll
0x00007ffd9fe70000 - 0x00007ffd9fe78000 	C:\Windows\System32\PSAPI.DLL
0x00007ffd9d0f0000 - 0x00007ffd9d10b000 	C:\Windows\SYSTEM32\CRYPTSP.dll
0x00007ffd9c8b0000 - 0x00007ffd9c8e5000 	C:\Windows\system32\rsaenh.dll
0x00007ffd9ce40000 - 0x00007ffd9ce6c000 	C:\Windows\SYSTEM32\USERENV.dll
0x00007ffd9d0d0000 - 0x00007ffd9d0dc000 	C:\Windows\SYSTEM32\CRYPTBASE.dll
0x00007ffd9c330000 - 0x00007ffd9c35d000 	C:\Windows\SYSTEM32\IPHLPAPI.DLL
0x00007ffd9e480000 - 0x00007ffd9e489000 	C:\Windows\System32\NSI.dll
0x00007ffd96920000 - 0x00007ffd96939000 	C:\Windows\SYSTEM32\dhcpcsvc6.DLL
0x00007ffd96900000 - 0x00007ffd9691f000 	C:\Windows\SYSTEM32\dhcpcsvc.DLL
0x00007ffd9c3a0000 - 0x00007ffd9c499000 	C:\Windows\SYSTEM32\DNSAPI.dll
0x00007ffd44870000 - 0x00007ffd448b5000 	C:\Users\ARO\AppData\Local\Temp\jna-65086\jna10875326259513564229.dll
0x00007ffd86ce0000 - 0x00007ffd86cee000 	C:\Users\ARO\.vscode\extensions\redhat.java-1.27.0-win32-x64\jre\17.0.10-win32-x86_64\bin\sunmscapi.dll
0x00007ffd9d970000 - 0x00007ffd9dad6000 	C:\Windows\System32\CRYPT32.dll
0x00007ffd9d1e0000 - 0x00007ffd9d20e000 	C:\Windows\SYSTEM32\ncrypt.dll
0x00007ffd9d1a0000 - 0x00007ffd9d1d7000 	C:\Windows\SYSTEM32\NTASN1.dll
0x00007ffd93bc0000 - 0x00007ffd93bca000 	C:\Windows\System32\rasadhlp.dll

dbghelp: loaded successfully - version: 4.0.5 - missing functions: none
symbol engine: initialized successfully - sym options: 0x614 - pdb path: .;c:\Users\ARO\.vscode\extensions\redhat.java-1.27.0-win32-x64\jre\17.0.10-win32-x86_64\bin;C:\Windows\SYSTEM32;C:\Windows\WinSxS\amd64_microsoft.windows.common-controls_6595b64144ccf1df_6.0.22621.2506_none_270c5ae97388e100;c:\Users\ARO\.vscode\extensions\redhat.java-1.27.0-win32-x64\jre\17.0.10-win32-x86_64\bin\server;C:\Users\ARO\AppData\Roaming\Code\User\globalStorage\redhat.java\1.27.0\config_win\org.eclipse.equinox.launcher\org.eclipse.equinox.launcher.win32.win32.x86_64_1.2.900.v20240129-1338;C:\Users\ARO\AppData\Local\Temp\jna-65086

VM Arguments:
jvm_args: --add-modules=ALL-SYSTEM --add-opens=java.base/java.util=ALL-UNNAMED --add-opens=java.base/java.lang=ALL-UNNAMED --add-opens=java.base/sun.nio.fs=ALL-UNNAMED -Declipse.application=org.eclipse.jdt.ls.core.id1 -Dosgi.bundles.defaultStartLevel=4 -Declipse.product=org.eclipse.jdt.ls.core.product -Djava.import.generatesMetadataFilesAtProjectRoot=false -DDetectVMInstallationsJob.disabled=true -Dfile.encoding=utf8 -XX:+UseParallelGC -XX:GCTimeRatio=4 -XX:AdaptiveSizePolicyWeight=90 -Dsun.zip.disableMemoryMapping=true -Xmx1G -Xms100m -Xlog:disable -javaagent:c:\Users\ARO\.vscode\extensions\redhat.java-1.27.0-win32-x64\lombok\lombok-1.18.31.jar -XX:+HeapDumpOnOutOfMemoryError -XX:HeapDumpPath=c:\Users\ARO\AppData\Roaming\Code\User\workspaceStorage\132f02184d1882f9f7cc4f3d25499d29\redhat.java -Daether.dependencyCollector.impl=bf 
java_command: c:\Users\ARO\.vscode\extensions\redhat.java-1.27.0-win32-x64\server\plugins\org.eclipse.equinox.launcher_1.6.700.v20231214-2017.jar -configuration c:\Users\ARO\AppData\Roaming\Code\User\globalStorage\redhat.java\1.27.0\config_win -data c:\Users\ARO\AppData\Roaming\Code\User\workspaceStorage\132f02184d1882f9f7cc4f3d25499d29\redhat.java\jdt_ws --stdio
java_class_path (initial): c:\Users\ARO\.vscode\extensions\redhat.java-1.27.0-win32-x64\server\plugins\org.eclipse.equinox.launcher_1.6.700.v20231214-2017.jar
Launcher Type: SUN_STANDARD

[Global flags]
    uintx AdaptiveSizePolicyWeight                 = 90                                        {product} {command line}
     intx CICompilerCount                          = 12                                        {product} {ergonomic}
    uintx GCTimeRatio                              = 4                                         {product} {command line}
     bool HeapDumpOnOutOfMemoryError               = true                                   {manageable} {command line}
    ccstr HeapDumpPath                             = c:\Users\ARO\AppData\Roaming\Code\User\workspaceStorage\132f02184d1882f9f7cc4f3d25499d29\redhat.java         {manageable} {command line}
   size_t InitialHeapSize                          = 104857600                                 {product} {command line}
   size_t MaxHeapSize                              = 1073741824                                {product} {command line}
   size_t MaxNewSize                               = 357564416                                 {product} {ergonomic}
   size_t MinHeapDeltaBytes                        = 524288                                    {product} {ergonomic}
   size_t MinHeapSize                              = 104857600                                 {product} {command line}
   size_t NewSize                                  = 34603008                                  {product} {ergonomic}
    uintx NonNMethodCodeHeapSize                   = 7602480                                {pd product} {ergonomic}
    uintx NonProfiledCodeHeapSize                  = 122027880                              {pd product} {ergonomic}
   size_t OldSize                                  = 70254592                                  {product} {ergonomic}
    uintx ProfiledCodeHeapSize                     = 122027880                              {pd product} {ergonomic}
    uintx ReservedCodeCacheSize                    = 251658240                              {pd product} {ergonomic}
     bool SegmentedCodeCache                       = true                                      {product} {ergonomic}
   size_t SoftMaxHeapSize                          = 1073741824                             {manageable} {ergonomic}
     bool UseCompressedClassPointers               = true                           {product lp64_product} {ergonomic}
     bool UseCompressedOops                        = true                           {product lp64_product} {ergonomic}
     bool UseLargePagesIndividualAllocation        = false                                  {pd product} {ergonomic}
     bool UseParallelGC                            = true                                      {product} {command line}

Logging:
Log output configuration:
 #0: stdout all=off uptime,level,tags
 #1: stderr all=off uptime,level,tags

Environment Variables:
JAVA_HOME=C:\Program Files\Java\jdk-21\
CLASSPATH=.;D:\Tomcat 10.1\lib\
PATH=C:\Program Files\Common Files\Oracle\Java\javapath;C:\Python312\Scripts\;C:\Python312\;C:\Windows\system32;C:\Windows;C:\Windows\System32\Wbem;C:\Windows\System32\WindowsPowerShell\v1.0\;C:\Windows\System32\OpenSSH\;C:\Program Files (x86)\NVIDIA Corporation\PhysX\Common;C:\Program Files\dotnet\;C:\Program Files\nodejs\;C:\ProgramData\chocolatey\bin;C:\Program Files\Git\cmd;C:\Program Files\Microsoft SQL Server\150\Tools\Binn\;C:\Program Files\Microsoft SQL Server\Client SDK\ODBC\170\Tools\Binn\;C:\Program Files (x86)\ZeroTier\One\;C:\Users\ARO\AppData\Local\Microsoft\WindowsApps;C:\Users\ARO\AppData\Roaming\npm;C:\Users\ARO\AppData\Local\GitHubDesktop\bin;C:\Users\ARO\AppData\Local\Programs\Microsoft VS Code\bin;C:\Users\ARO\.dotnet\tools;C:\Program Files\apache-maven-3.9.6\bin;C:\Program Files\Java\jdk-21\\bin;D:\Tomcat 10.1\bin;C:\Program Files\PostgreSQL\16\bin;
USERNAME=ARO
OS=Windows_NT
PROCESSOR_IDENTIFIER=Intel64 Family 6 Model 154 Stepping 3, GenuineIntel
TMP=C:\Users\ARO\AppData\Local\Temp
TEMP=C:\Users\ARO\AppData\Local\Temp



Periodic native trim disabled


---------------  S Y S T E M  ---------------

OS:
 Windows 11 , 64 bit Build 22621 (10.0.22621.2506)
OS uptime: 0 days 11:40 hours
Hyper-V role detected

CPU: total 16 (initial active 16) (8 cores per cpu, 2 threads per core) family 6 model 154 stepping 3 microcode 0x423, cx8, cmov, fxsr, ht, mmx, 3dnowpref, sse, sse2, sse3, ssse3, sse4.1, sse4.2, popcnt, lzcnt, tsc, tscinvbit, avx, avx2, aes, erms, clmul, bmi1, bmi2, adx, sha, fma, vzeroupper, clflush, clflushopt, clwb, hv
Processor Information for all 16 processors :
  Max Mhz: 2500, Current Mhz: 2500, Mhz Limit: 2500

Memory: 4k page, system-wide physical 16002M (6555M free)
TotalPageFile size 47939M (AvailPageFile size 5M)
current process WorkingSet (physical memory assigned to process): 398M, peak: 402M
current process commit charge ("private bytes"): 410M, peak: 977M

vm_info: OpenJDK 64-Bit Server VM (17.0.10+7) for windows-amd64 JRE (17.0.10+7), built on Jan 16 2024 23:25:11 by "admin" with MS VC++ 16.10 / 16.11 (VS2019)

END.
